<?xml version="1.0" encoding="UTF-8"?>
<!-- Generated by org.testng.reporters.JUnitReportReporter -->
<testsuite hostname="LAPTOP-6ELCMCHC" failures="0" tests="1" name="MavenProject.BussinessScripts.GmailTest" time="7.684" errors="0" timestamp="2022-01-30T17:16:07 IST" skipped="0">
  <testcase classname="MavenProject.BussinessScripts.GmailTest" name="gmailtest" time="7.684"/>
  <system-out/>
</testsuite> <!-- MavenProject.BussinessScripts.GmailTest -->
