<?xml version="1.0" encoding="UTF-8"?>
<!-- Generated by org.testng.reporters.JUnitReportReporter -->
<testsuite hostname="LAPTOP-6ELCMCHC" failures="0" tests="1" name="MavenProject.BussinessScripts.FbTest" time="3.586" errors="0" timestamp="2022-01-30T17:16:07 IST" skipped="0">
  <testcase classname="MavenProject.BussinessScripts.FbTest" name="fbTest" time="3.586"/>
  <system-out/>
</testsuite> <!-- MavenProject.BussinessScripts.FbTest -->
