<?xml version="1.0" encoding="UTF-8"?>
<!-- Generated by org.testng.reporters.JUnitReportReporter -->
<testsuite hostname="LAPTOP-6ELCMCHC" failures="0" tests="1" name="MavenProject.BussinessScripts.FbTest" time="4.085" errors="0" timestamp="2022-02-06T16:35:03 IST" skipped="0">
  <testcase classname="MavenProject.BussinessScripts.FbTest" name="fbTest" time="4.085"/>
  <system-out/>
</testsuite> <!-- MavenProject.BussinessScripts.FbTest -->
